{"C:\\Root\\Redux\\src\\components\\InputField.tsx": {"path":"C:\\Root\\Redux\\src\\components\\InputField.tsx","statementMap":{"0":{"start":{"line":4,"column":45},"end":{"line":6,"column":1}},"1":{"start":{"line":5,"column":2},"end":{"line":5,"column":69}}},"fnMap":{"0":{"name":"(anonymous_0)","decl":{"start":{"line":4,"column":45},"end":{"line":4,"column":46}},"loc":{"start":{"line":4,"column":56},"end":{"line":6,"column":1}},"line":4}},"branchMap":{},"s":{"0":1,"1":6},"f":{"0":6},"b":{},"_coverageSchema":"1a1c01bbd47fc00a2c39e90264f33305004495a9","hash":"300021cf5412aaff23073b4ca4edfa95e04791a1"}
}
